<?xml version="1.0" encoding="UTF-8"?>
<!-- Generated by org.testng.reporters.JUnitReportReporter -->
<testsuite hostname="inbl01lap5380" failures="0" tests="1" name="TestCase" time="21.018" errors="0" timestamp="14 Feb 2022 06:19:08 GMT" skipped="0">
  <testcase classname="TestCase" name="Test" time="21.018"/>
</testsuite> <!-- TestCase -->
